/*C1*/SET SCHEMA PUBLIC
CONNECT USER SA
/*C2*/SET SCHEMA PUBLIC
CONNECT USER SA
INSERT INTO FREESUBSCRIPTION VALUES('mike','mike','mike','mike','mike','2010-03-15 00:00:00.000000000')
DISCONNECT
/*C3*/SET SCHEMA PUBLIC
CONNECT USER SA
/*C4*/SET SCHEMA PUBLIC
CONNECT USER SA
INSERT INTO CHEAPSUBSCRIPTION VALUES('mike2','mike','mike','mike','mike2','2010-03-15 00:00:00.000000000')
DISCONNECT
/*C3*/DISCONNECT
/*C5*/SET SCHEMA PUBLIC
CONNECT USER SA
/*C6*/SET SCHEMA PUBLIC
CONNECT USER SA
/*C5*/DISCONNECT
/*C6*/DISCONNECT
/*C7*/SET SCHEMA PUBLIC
CONNECT USER SA
/*C8*/SET SCHEMA PUBLIC
CONNECT USER SA
SET AUTOCOMMIT FALSE
DELETE FROM CHEAPSUBSCRIPTION WHERE USERNAME='mike2'
INSERT INTO CHEAPSUBSCRIPTION VALUES('mike2','mike','mike','mike','mike2','2010-03-15 00:00:00.000000000')
SET AUTOCOMMIT TRUE
DISCONNECT
/*C7*/DISCONNECT
